Started at Thu Sep 19 11:11:59 UTC 2024
Processing job1
Offering job1 to Project Build Discarder
Processing job2
Offering job2 to Project Build Discarder
Processing job3
Offering job3 to Project Build Discarder
Processing p2
Offering p2 to Project Build Discarder
Processing pipeline job
Offering pipeline job to Project Build Discarder
Processing pipelinepractice
Offering pipelinepractice to Project Build Discarder
Finished at Thu Sep 19 11:11:59 UTC 2024. 7ms
Started at Thu Sep 19 12:11:59 UTC 2024
Processing job1
Offering job1 to Project Build Discarder
Processing job2
Offering job2 to Project Build Discarder
Processing job3
Offering job3 to Project Build Discarder
Processing p2
Offering p2 to Project Build Discarder
Processing pipeline job
Offering pipeline job to Project Build Discarder
Processing pipelinepractice
Offering pipelinepractice to Project Build Discarder
Finished at Thu Sep 19 12:11:59 UTC 2024. 3ms
